<?xml version="1.0" encoding="UTF-8"?>
<!-- Generated by org.testng.reporters.JUnitReportReporter -->
<testsuite hostname="HASEEFRAWTHAR" failures="2" tests="4" name="com.NopCommerce.api.runner.APIRunner" time="6.099" errors="0" timestamp="2022-09-27T12:58:30 IST" skipped="0">
  <testcase classname="com.NopCommerce.api.runner.APIRunner" name="runScenario" time="1.130">
    <failure message="expected [200] but found [405]" type="java.lang.AssertionError">
      <![CDATA[java.lang.AssertionError: expected [200] but found [405]
at org.testng.Assert.fail(Assert.java:97)
at org.testng.Assert.assertEqualsImpl(Assert.java:136)
at org.testng.Assert.assertEquals(Assert.java:118)
at org.testng.Assert.assertEquals(Assert.java:839)
at org.testng.Assert.assertEquals(Assert.java:849)
at com.NopCommerce.api.stepdefenition.APISteps.a_success_response_is_received(APISteps.java:238)
at ✽.A success response is received(file:///C:/Users/haseef.rawthar/eclipse-workspace/NopCommerce/src/test/java/com/NopCommerce/api/feature/PutUser.feature:7)
]]>
    </failure>
  </testcase> <!-- runScenario -->
  <system-out/>
  <testcase classname="com.NopCommerce.api.runner.APIRunner" name="runScenario" time="0.685"/>
  <system-out/>
  <testcase classname="com.NopCommerce.api.runner.APIRunner" name="runScenario" time="1.069"/>
  <system-out/>
  <testcase classname="com.NopCommerce.api.runner.APIRunner" name="runScenario" time="3.215">
    <failure message="expected [200] but found [405]" type="java.lang.AssertionError">
      <![CDATA[java.lang.AssertionError: expected [200] but found [405]
at org.testng.Assert.fail(Assert.java:97)
at org.testng.Assert.assertEqualsImpl(Assert.java:136)
at org.testng.Assert.assertEquals(Assert.java:118)
at org.testng.Assert.assertEquals(Assert.java:839)
at org.testng.Assert.assertEquals(Assert.java:849)
at com.NopCommerce.api.stepdefenition.APISteps.a_success_response_is_received(APISteps.java:238)
at ✽.A success response is received(file:///C:/Users/haseef.rawthar/eclipse-workspace/NopCommerce/src/test/java/com/NopCommerce/api/feature/DeleteUser.feature:7)
]]>
    </failure>
  </testcase> <!-- runScenario -->
  <system-out/>
</testsuite> <!-- com.NopCommerce.api.runner.APIRunner -->
