<?xml version="1.0" encoding="UTF-8"?>
<!-- Generated by org.testng.reporters.JUnitReportReporter -->
<testsuite hostname="HASEEFRAWTHAR" failures="0" tests="2" name="com.NopCommerce.runner.UIRunner" time="29.733" errors="0" timestamp="2022-09-27T12:10:45 IST" skipped="0">
  <testcase classname="com.NopCommerce.runner.UIRunner" name="runScenario" time="12.980"/>
  <system-out/>
  <testcase classname="com.NopCommerce.runner.UIRunner" name="runScenario" time="16.753"/>
  <system-out/>
</testsuite> <!-- com.NopCommerce.runner.UIRunner -->
