<?xml version="1.0" encoding="UTF-8"?>
<!-- Generated by org.testng.reporters.JUnitReportReporter -->
<testsuite hostname="HASEEFRAWTHAR" failures="0" tests="1" name="com.NopCommerece.testscripts.AdminLogin" time="3.929" errors="0" timestamp="2022-09-20T09:23:02 IST" skipped="0">
  <testcase classname="com.NopCommerece.testscripts.AdminLogin" name="invalidLogin" time="3.929"/>
  <system-out/>
</testsuite> <!-- com.NopCommerece.testscripts.AdminLogin -->
