<?xml version="1.0" encoding="UTF-8"?>
<!-- Generated by org.testng.reporters.JUnitReportReporter -->
<testsuite hostname="HASEEFRAWTHAR" failures="0" tests="2" name="com.NopCommerce.runner.UIRunner" time="36.082" errors="0" timestamp="2022-10-04T08:49:53 IST" skipped="0">
  <testcase classname="com.NopCommerce.runner.UIRunner" name="runScenario" time="18.816"/>
  <system-out/>
  <testcase classname="com.NopCommerce.runner.UIRunner" name="runScenario" time="17.266"/>
  <system-out/>
</testsuite> <!-- com.NopCommerce.runner.UIRunner -->
