<?xml version="1.0" encoding="UTF-8"?>
<!-- Generated by org.testng.reporters.JUnitReportReporter -->
<testsuite hostname="HASEEFRAWTHAR" failures="0" tests="1" name="com.NopCommerece.testscripts.Report" time="1.020" errors="0" timestamp="2022-09-26T15:33:11 IST" skipped="0">
  <testcase classname="com.NopCommerece.testscripts.Report" name="teardown" time="1.020"/>
  <system-out/>
</testsuite> <!-- com.NopCommerece.testscripts.Report -->
