<?xml version="1.0" encoding="UTF-8"?>
<!-- Generated by org.testng.reporters.JUnitReportReporter -->
<testsuite hostname="HASEEFRAWTHAR" failures="0" tests="2" name="com.NopCommerce.runner.UIRunner" time="32.050" errors="0" timestamp="2022-10-04T08:54:23 IST" skipped="0">
  <testcase classname="com.NopCommerce.runner.UIRunner" name="runScenario" time="17.076"/>
  <system-out/>
  <testcase classname="com.NopCommerce.runner.UIRunner" name="runScenario" time="14.974"/>
  <system-out/>
</testsuite> <!-- com.NopCommerce.runner.UIRunner -->
