<?xml version="1.0" encoding="UTF-8"?>
<!-- Generated by org.testng.reporters.JUnitReportReporter -->
<testsuite hostname="HASEEFRAWTHAR" failures="0" tests="2" name="com.NopCommerce.runner.UIRunner" time="26.101" errors="0" timestamp="2022-10-03T16:35:15 IST" skipped="0">
  <testcase classname="com.NopCommerce.runner.UIRunner" name="runScenario" time="12.314"/>
  <system-out/>
  <testcase classname="com.NopCommerce.runner.UIRunner" name="runScenario" time="13.787"/>
  <system-out/>
</testsuite> <!-- com.NopCommerce.runner.UIRunner -->
