<?xml version="1.0" encoding="UTF-8"?>
<!-- Generated by org.testng.reporters.JUnitReportReporter -->
<testsuite hostname="HASEEFRAWTHAR" failures="2" tests="4" name="com.NopCommerce.api.runner.APIRunner" time="5.366" errors="0" timestamp="2022-10-03T17:55:40 IST" skipped="0">
  <testcase classname="com.NopCommerce.api.runner.APIRunner" name="runScenario" time="0.626"/>
  <system-out/>
  <testcase classname="com.NopCommerce.api.runner.APIRunner" name="runScenario" time="2.955">
    <failure message="expected [200] but found [405]" type="java.lang.AssertionError">
      <![CDATA[java.lang.AssertionError: expected [200] but found [405]
at org.testng.Assert.fail(Assert.java:97)
at org.testng.Assert.assertEqualsImpl(Assert.java:136)
at org.testng.Assert.assertEquals(Assert.java:118)
at org.testng.Assert.assertEquals(Assert.java:839)
at org.testng.Assert.assertEquals(Assert.java:849)
at com.NopCommerce.api.stepdefenition.APISteps.a_success_response_is_received(APISteps.java:238)
at ✽.A success response is received(file:///D:/NopCommerce/src/test/java/com/NopCommerce/api/feature/DeleteUser.feature:7)
]]>
    </failure>
  </testcase> <!-- runScenario -->
  <system-out/>
  <testcase classname="com.NopCommerce.api.runner.APIRunner" name="runScenario" time="0.865">
    <failure message="expected [200] but found [405]" type="java.lang.AssertionError">
      <![CDATA[java.lang.AssertionError: expected [200] but found [405]
at org.testng.Assert.fail(Assert.java:97)
at org.testng.Assert.assertEqualsImpl(Assert.java:136)
at org.testng.Assert.assertEquals(Assert.java:118)
at org.testng.Assert.assertEquals(Assert.java:839)
at org.testng.Assert.assertEquals(Assert.java:849)
at com.NopCommerce.api.stepdefenition.APISteps.a_success_response_is_received(APISteps.java:238)
at ✽.A success response is received(file:///D:/NopCommerce/src/test/java/com/NopCommerce/api/feature/PutUser.feature:7)
]]>
    </failure>
  </testcase> <!-- runScenario -->
  <system-out/>
  <testcase classname="com.NopCommerce.api.runner.APIRunner" name="runScenario" time="0.920"/>
  <system-out/>
</testsuite> <!-- com.NopCommerce.api.runner.APIRunner -->
